        -:    0:Source:randomtestadventurer.c
        -:    0:Graph:randomtestadventurer.gcno
        -:    0:Data:randomtestadventurer.gcda
        -:    0:Runs:1
        -:    0:Programs:1
        -:    1:#include "dominion.h"
        -:    2:#include "dominion_helpers.h"
        -:    3:#include "rngs.h"
        -:    4:#include <stdio.h>
        -:    5:#include <stdlib.h>
        -:    6:#include <math.h>
        -:    7:#include <time.h>
        -:    8:
        -:    9:
        -:   10://Random test generator for Adventurer card
        1:   11:int main() {
        -:   12:
        -:   13:
        -:   14:
        -:   15:
        1:   16:return 0;
        -:   17:}
